Partition Merge report for SCOMP
Fri Apr 04 13:57:38 2025
Quartus Prime Version 19.1.0 Build 670 09/22/2019 SJ Lite Edition


---------------------
; Table of Contents ;
---------------------
  1. Legal Notice
  2. Partition Merge Summary
  3. Partition Merge Netlist Types Used
  4. Connections to In-System Debugging Instance "auto_signaltap_0"
  5. Partition Merge Partition Statistics
  6. Partition Merge Partition Pin Processing
  7. Partition Merge Resource Usage Summary
  8. Partition Merge RAM Summary
  9. Partition Merge Messages



----------------
; Legal Notice ;
----------------
Copyright (C) 2019  Intel Corporation. All rights reserved.
Your use of Intel Corporation's design tools, logic functions 
and other software and tools, and any partner logic 
functions, and any output files from any of the foregoing 
(including device programming or simulation files), and any 
associated documentation or information are expressly subject 
to the terms and conditions of the Intel Program License 
Subscription Agreement, the Intel Quartus Prime License Agreement,
the Intel FPGA IP License Agreement, or other applicable license
agreement, including, without limitation, that your use is for
the sole purpose of programming logic devices manufactured by
Intel and sold by Intel or its authorized distributors.  Please
refer to the applicable agreement for further details, at
https://fpgasoftware.intel.com/eula.



+-------------------------------------------------------------------------------+
; Partition Merge Summary                                                       ;
+---------------------------------+---------------------------------------------+
; Partition Merge Status          ; Successful - Fri Apr 04 13:57:38 2025       ;
; Quartus Prime Version           ; 19.1.0 Build 670 09/22/2019 SJ Lite Edition ;
; Revision Name                   ; SCOMP                                       ;
; Top-level Entity Name           ; SCOMP_System                                ;
; Family                          ; Cyclone V                                   ;
; Logic utilization (in ALMs)     ; N/A                                         ;
; Total registers                 ; 1088                                        ;
; Total pins                      ; 64                                          ;
; Total virtual pins              ; 0                                           ;
; Total block memory bits         ; 40,960                                      ;
; Total DSP Blocks                ; 0                                           ;
; Total HSSI RX PCSs              ; 0                                           ;
; Total HSSI PMA RX Deserializers ; 0                                           ;
; Total HSSI TX PCSs              ; 0                                           ;
; Total HSSI PMA TX Serializers   ; 0                                           ;
; Total PLLs                      ; 1                                           ;
; Total DLLs                      ; 0                                           ;
+---------------------------------+---------------------------------------------+


+-------------------------------------------------------------------------------------------------------------------------------+
; Partition Merge Netlist Types Used                                                                                            ;
+--------------------------------+----------------+-------------------+------------------------+--------------------------------+
; Partition Name                 ; Partition Type ; Netlist Type Used ; Netlist Type Requested ; Partition Contents             ;
+--------------------------------+----------------+-------------------+------------------------+--------------------------------+
; Top                            ; User-created   ; Source File       ; Source File            ;                                ;
; sld_hub:auto_hub               ; Auto-generated ; Post-Synthesis    ; Post-Synthesis         ; sld_hub:auto_hub               ;
; sld_signaltap:auto_signaltap_0 ; Auto-generated ; Post-Synthesis    ; Post-Synthesis         ; sld_signaltap:auto_signaltap_0 ;
; hard_block:auto_generated_inst ; Auto-generated ; Source File       ; Source File            ; hard_block:auto_generated_inst ;
+--------------------------------+----------------+-------------------+------------------------+--------------------------------+


+-----------------------------------------------------------------------------------------------------------------------------------------------------------------------------+
; Connections to In-System Debugging Instance "auto_signaltap_0"                                                                                                              ;
+-----------------------------------------+--------------+-----------+--------------------------------+-------------------+-----------------------------------------+---------+
; Name                                    ; Type         ; Status    ; Partition Name                 ; Netlist Type Used ; Actual Connection                       ; Details ;
+-----------------------------------------+--------------+-----------+--------------------------------+-------------------+-----------------------------------------+---------+
; LED_Bar_Controller:inst14|clk_count[0]  ; post-fitting ; connected ; Top                            ; post-synthesis    ; LED_Bar_Controller:inst14|clk_count[0]  ; N/A     ;
; LED_Bar_Controller:inst14|clk_count[0]  ; post-fitting ; connected ; Top                            ; post-synthesis    ; LED_Bar_Controller:inst14|clk_count[0]  ; N/A     ;
; LED_Bar_Controller:inst14|clk_count[10] ; post-fitting ; connected ; Top                            ; post-synthesis    ; LED_Bar_Controller:inst14|clk_count[10] ; N/A     ;
; LED_Bar_Controller:inst14|clk_count[10] ; post-fitting ; connected ; Top                            ; post-synthesis    ; LED_Bar_Controller:inst14|clk_count[10] ; N/A     ;
; LED_Bar_Controller:inst14|clk_count[11] ; post-fitting ; connected ; Top                            ; post-synthesis    ; LED_Bar_Controller:inst14|clk_count[11] ; N/A     ;
; LED_Bar_Controller:inst14|clk_count[11] ; post-fitting ; connected ; Top                            ; post-synthesis    ; LED_Bar_Controller:inst14|clk_count[11] ; N/A     ;
; LED_Bar_Controller:inst14|clk_count[12] ; post-fitting ; connected ; Top                            ; post-synthesis    ; LED_Bar_Controller:inst14|clk_count[12] ; N/A     ;
; LED_Bar_Controller:inst14|clk_count[12] ; post-fitting ; connected ; Top                            ; post-synthesis    ; LED_Bar_Controller:inst14|clk_count[12] ; N/A     ;
; LED_Bar_Controller:inst14|clk_count[13] ; post-fitting ; connected ; Top                            ; post-synthesis    ; LED_Bar_Controller:inst14|clk_count[13] ; N/A     ;
; LED_Bar_Controller:inst14|clk_count[13] ; post-fitting ; connected ; Top                            ; post-synthesis    ; LED_Bar_Controller:inst14|clk_count[13] ; N/A     ;
; LED_Bar_Controller:inst14|clk_count[14] ; post-fitting ; connected ; Top                            ; post-synthesis    ; LED_Bar_Controller:inst14|clk_count[14] ; N/A     ;
; LED_Bar_Controller:inst14|clk_count[14] ; post-fitting ; connected ; Top                            ; post-synthesis    ; LED_Bar_Controller:inst14|clk_count[14] ; N/A     ;
; LED_Bar_Controller:inst14|clk_count[15] ; post-fitting ; connected ; Top                            ; post-synthesis    ; LED_Bar_Controller:inst14|clk_count[15] ; N/A     ;
; LED_Bar_Controller:inst14|clk_count[15] ; post-fitting ; connected ; Top                            ; post-synthesis    ; LED_Bar_Controller:inst14|clk_count[15] ; N/A     ;
; LED_Bar_Controller:inst14|clk_count[16] ; post-fitting ; connected ; Top                            ; post-synthesis    ; LED_Bar_Controller:inst14|clk_count[16] ; N/A     ;
; LED_Bar_Controller:inst14|clk_count[16] ; post-fitting ; connected ; Top                            ; post-synthesis    ; LED_Bar_Controller:inst14|clk_count[16] ; N/A     ;
; LED_Bar_Controller:inst14|clk_count[17] ; post-fitting ; connected ; Top                            ; post-synthesis    ; LED_Bar_Controller:inst14|clk_count[17] ; N/A     ;
; LED_Bar_Controller:inst14|clk_count[17] ; post-fitting ; connected ; Top                            ; post-synthesis    ; LED_Bar_Controller:inst14|clk_count[17] ; N/A     ;
; LED_Bar_Controller:inst14|clk_count[18] ; post-fitting ; connected ; Top                            ; post-synthesis    ; LED_Bar_Controller:inst14|clk_count[18] ; N/A     ;
; LED_Bar_Controller:inst14|clk_count[18] ; post-fitting ; connected ; Top                            ; post-synthesis    ; LED_Bar_Controller:inst14|clk_count[18] ; N/A     ;
; LED_Bar_Controller:inst14|clk_count[19] ; post-fitting ; connected ; Top                            ; post-synthesis    ; LED_Bar_Controller:inst14|clk_count[19] ; N/A     ;
; LED_Bar_Controller:inst14|clk_count[19] ; post-fitting ; connected ; Top                            ; post-synthesis    ; LED_Bar_Controller:inst14|clk_count[19] ; N/A     ;
; LED_Bar_Controller:inst14|clk_count[1]  ; post-fitting ; connected ; Top                            ; post-synthesis    ; LED_Bar_Controller:inst14|clk_count[1]  ; N/A     ;
; LED_Bar_Controller:inst14|clk_count[1]  ; post-fitting ; connected ; Top                            ; post-synthesis    ; LED_Bar_Controller:inst14|clk_count[1]  ; N/A     ;
; LED_Bar_Controller:inst14|clk_count[20] ; post-fitting ; connected ; Top                            ; post-synthesis    ; LED_Bar_Controller:inst14|clk_count[20] ; N/A     ;
; LED_Bar_Controller:inst14|clk_count[20] ; post-fitting ; connected ; Top                            ; post-synthesis    ; LED_Bar_Controller:inst14|clk_count[20] ; N/A     ;
; LED_Bar_Controller:inst14|clk_count[21] ; post-fitting ; connected ; Top                            ; post-synthesis    ; LED_Bar_Controller:inst14|clk_count[21] ; N/A     ;
; LED_Bar_Controller:inst14|clk_count[21] ; post-fitting ; connected ; Top                            ; post-synthesis    ; LED_Bar_Controller:inst14|clk_count[21] ; N/A     ;
; LED_Bar_Controller:inst14|clk_count[22] ; post-fitting ; connected ; Top                            ; post-synthesis    ; LED_Bar_Controller:inst14|clk_count[22] ; N/A     ;
; LED_Bar_Controller:inst14|clk_count[22] ; post-fitting ; connected ; Top                            ; post-synthesis    ; LED_Bar_Controller:inst14|clk_count[22] ; N/A     ;
; LED_Bar_Controller:inst14|clk_count[23] ; post-fitting ; connected ; Top                            ; post-synthesis    ; LED_Bar_Controller:inst14|clk_count[23] ; N/A     ;
; LED_Bar_Controller:inst14|clk_count[23] ; post-fitting ; connected ; Top                            ; post-synthesis    ; LED_Bar_Controller:inst14|clk_count[23] ; N/A     ;
; LED_Bar_Controller:inst14|clk_count[24] ; post-fitting ; connected ; Top                            ; post-synthesis    ; LED_Bar_Controller:inst14|clk_count[24] ; N/A     ;
; LED_Bar_Controller:inst14|clk_count[24] ; post-fitting ; connected ; Top                            ; post-synthesis    ; LED_Bar_Controller:inst14|clk_count[24] ; N/A     ;
; LED_Bar_Controller:inst14|clk_count[25] ; post-fitting ; connected ; Top                            ; post-synthesis    ; LED_Bar_Controller:inst14|clk_count[25] ; N/A     ;
; LED_Bar_Controller:inst14|clk_count[25] ; post-fitting ; connected ; Top                            ; post-synthesis    ; LED_Bar_Controller:inst14|clk_count[25] ; N/A     ;
; LED_Bar_Controller:inst14|clk_count[26] ; post-fitting ; connected ; Top                            ; post-synthesis    ; LED_Bar_Controller:inst14|clk_count[26] ; N/A     ;
; LED_Bar_Controller:inst14|clk_count[26] ; post-fitting ; connected ; Top                            ; post-synthesis    ; LED_Bar_Controller:inst14|clk_count[26] ; N/A     ;
; LED_Bar_Controller:inst14|clk_count[27] ; post-fitting ; connected ; Top                            ; post-synthesis    ; LED_Bar_Controller:inst14|clk_count[27] ; N/A     ;
; LED_Bar_Controller:inst14|clk_count[27] ; post-fitting ; connected ; Top                            ; post-synthesis    ; LED_Bar_Controller:inst14|clk_count[27] ; N/A     ;
; LED_Bar_Controller:inst14|clk_count[28] ; post-fitting ; connected ; Top                            ; post-synthesis    ; LED_Bar_Controller:inst14|clk_count[28] ; N/A     ;
; LED_Bar_Controller:inst14|clk_count[28] ; post-fitting ; connected ; Top                            ; post-synthesis    ; LED_Bar_Controller:inst14|clk_count[28] ; N/A     ;
; LED_Bar_Controller:inst14|clk_count[29] ; post-fitting ; connected ; Top                            ; post-synthesis    ; LED_Bar_Controller:inst14|clk_count[29] ; N/A     ;
; LED_Bar_Controller:inst14|clk_count[29] ; post-fitting ; connected ; Top                            ; post-synthesis    ; LED_Bar_Controller:inst14|clk_count[29] ; N/A     ;
; LED_Bar_Controller:inst14|clk_count[2]  ; post-fitting ; connected ; Top                            ; post-synthesis    ; LED_Bar_Controller:inst14|clk_count[2]  ; N/A     ;
; LED_Bar_Controller:inst14|clk_count[2]  ; post-fitting ; connected ; Top                            ; post-synthesis    ; LED_Bar_Controller:inst14|clk_count[2]  ; N/A     ;
; LED_Bar_Controller:inst14|clk_count[30] ; post-fitting ; connected ; Top                            ; post-synthesis    ; LED_Bar_Controller:inst14|clk_count[30] ; N/A     ;
; LED_Bar_Controller:inst14|clk_count[30] ; post-fitting ; connected ; Top                            ; post-synthesis    ; LED_Bar_Controller:inst14|clk_count[30] ; N/A     ;
; LED_Bar_Controller:inst14|clk_count[31] ; post-fitting ; connected ; Top                            ; post-synthesis    ; LED_Bar_Controller:inst14|clk_count[31] ; N/A     ;
; LED_Bar_Controller:inst14|clk_count[31] ; post-fitting ; connected ; Top                            ; post-synthesis    ; LED_Bar_Controller:inst14|clk_count[31] ; N/A     ;
; LED_Bar_Controller:inst14|clk_count[3]  ; post-fitting ; connected ; Top                            ; post-synthesis    ; LED_Bar_Controller:inst14|clk_count[3]  ; N/A     ;
; LED_Bar_Controller:inst14|clk_count[3]  ; post-fitting ; connected ; Top                            ; post-synthesis    ; LED_Bar_Controller:inst14|clk_count[3]  ; N/A     ;
; LED_Bar_Controller:inst14|clk_count[4]  ; post-fitting ; connected ; Top                            ; post-synthesis    ; LED_Bar_Controller:inst14|clk_count[4]  ; N/A     ;
; LED_Bar_Controller:inst14|clk_count[4]  ; post-fitting ; connected ; Top                            ; post-synthesis    ; LED_Bar_Controller:inst14|clk_count[4]  ; N/A     ;
; LED_Bar_Controller:inst14|clk_count[5]  ; post-fitting ; connected ; Top                            ; post-synthesis    ; LED_Bar_Controller:inst14|clk_count[5]  ; N/A     ;
; LED_Bar_Controller:inst14|clk_count[5]  ; post-fitting ; connected ; Top                            ; post-synthesis    ; LED_Bar_Controller:inst14|clk_count[5]  ; N/A     ;
; LED_Bar_Controller:inst14|clk_count[6]  ; post-fitting ; connected ; Top                            ; post-synthesis    ; LED_Bar_Controller:inst14|clk_count[6]  ; N/A     ;
; LED_Bar_Controller:inst14|clk_count[6]  ; post-fitting ; connected ; Top                            ; post-synthesis    ; LED_Bar_Controller:inst14|clk_count[6]  ; N/A     ;
; LED_Bar_Controller:inst14|clk_count[7]  ; post-fitting ; connected ; Top                            ; post-synthesis    ; LED_Bar_Controller:inst14|clk_count[7]  ; N/A     ;
; LED_Bar_Controller:inst14|clk_count[7]  ; post-fitting ; connected ; Top                            ; post-synthesis    ; LED_Bar_Controller:inst14|clk_count[7]  ; N/A     ;
; LED_Bar_Controller:inst14|clk_count[8]  ; post-fitting ; connected ; Top                            ; post-synthesis    ; LED_Bar_Controller:inst14|clk_count[8]  ; N/A     ;
; LED_Bar_Controller:inst14|clk_count[8]  ; post-fitting ; connected ; Top                            ; post-synthesis    ; LED_Bar_Controller:inst14|clk_count[8]  ; N/A     ;
; LED_Bar_Controller:inst14|clk_count[9]  ; post-fitting ; connected ; Top                            ; post-synthesis    ; LED_Bar_Controller:inst14|clk_count[9]  ; N/A     ;
; LED_Bar_Controller:inst14|clk_count[9]  ; post-fitting ; connected ; Top                            ; post-synthesis    ; LED_Bar_Controller:inst14|clk_count[9]  ; N/A     ;
; auto_signaltap_0|gnd                    ; post-fitting ; connected ; sld_signaltap:auto_signaltap_0 ; post-synthesis    ; sld_signaltap:auto_signaltap_0|~GND     ; N/A     ;
; auto_signaltap_0|gnd                    ; post-fitting ; connected ; sld_signaltap:auto_signaltap_0 ; post-synthesis    ; sld_signaltap:auto_signaltap_0|~GND     ; N/A     ;
; auto_signaltap_0|gnd                    ; post-fitting ; connected ; sld_signaltap:auto_signaltap_0 ; post-synthesis    ; sld_signaltap:auto_signaltap_0|~GND     ; N/A     ;
; auto_signaltap_0|gnd                    ; post-fitting ; connected ; sld_signaltap:auto_signaltap_0 ; post-synthesis    ; sld_signaltap:auto_signaltap_0|~GND     ; N/A     ;
; auto_signaltap_0|gnd                    ; post-fitting ; connected ; sld_signaltap:auto_signaltap_0 ; post-synthesis    ; sld_signaltap:auto_signaltap_0|~GND     ; N/A     ;
; auto_signaltap_0|gnd                    ; post-fitting ; connected ; sld_signaltap:auto_signaltap_0 ; post-synthesis    ; sld_signaltap:auto_signaltap_0|~GND     ; N/A     ;
; auto_signaltap_0|gnd                    ; post-fitting ; connected ; sld_signaltap:auto_signaltap_0 ; post-synthesis    ; sld_signaltap:auto_signaltap_0|~GND     ; N/A     ;
; auto_signaltap_0|gnd                    ; post-fitting ; connected ; sld_signaltap:auto_signaltap_0 ; post-synthesis    ; sld_signaltap:auto_signaltap_0|~GND     ; N/A     ;
; auto_signaltap_0|gnd                    ; post-fitting ; connected ; sld_signaltap:auto_signaltap_0 ; post-synthesis    ; sld_signaltap:auto_signaltap_0|~GND     ; N/A     ;
; auto_signaltap_0|gnd                    ; post-fitting ; connected ; sld_signaltap:auto_signaltap_0 ; post-synthesis    ; sld_signaltap:auto_signaltap_0|~GND     ; N/A     ;
; auto_signaltap_0|gnd                    ; post-fitting ; connected ; sld_signaltap:auto_signaltap_0 ; post-synthesis    ; sld_signaltap:auto_signaltap_0|~GND     ; N/A     ;
; auto_signaltap_0|gnd                    ; post-fitting ; connected ; sld_signaltap:auto_signaltap_0 ; post-synthesis    ; sld_signaltap:auto_signaltap_0|~GND     ; N/A     ;
; auto_signaltap_0|gnd                    ; post-fitting ; connected ; sld_signaltap:auto_signaltap_0 ; post-synthesis    ; sld_signaltap:auto_signaltap_0|~GND     ; N/A     ;
; auto_signaltap_0|gnd                    ; post-fitting ; connected ; sld_signaltap:auto_signaltap_0 ; post-synthesis    ; sld_signaltap:auto_signaltap_0|~GND     ; N/A     ;
; auto_signaltap_0|gnd                    ; post-fitting ; connected ; sld_signaltap:auto_signaltap_0 ; post-synthesis    ; sld_signaltap:auto_signaltap_0|~GND     ; N/A     ;
; auto_signaltap_0|gnd                    ; post-fitting ; connected ; sld_signaltap:auto_signaltap_0 ; post-synthesis    ; sld_signaltap:auto_signaltap_0|~GND     ; N/A     ;
; auto_signaltap_0|gnd                    ; post-fitting ; connected ; sld_signaltap:auto_signaltap_0 ; post-synthesis    ; sld_signaltap:auto_signaltap_0|~GND     ; N/A     ;
; auto_signaltap_0|gnd                    ; post-fitting ; connected ; sld_signaltap:auto_signaltap_0 ; post-synthesis    ; sld_signaltap:auto_signaltap_0|~GND     ; N/A     ;
; auto_signaltap_0|vcc                    ; post-fitting ; connected ; sld_signaltap:auto_signaltap_0 ; post-synthesis    ; sld_signaltap:auto_signaltap_0|~VCC     ; N/A     ;
; auto_signaltap_0|vcc                    ; post-fitting ; connected ; sld_signaltap:auto_signaltap_0 ; post-synthesis    ; sld_signaltap:auto_signaltap_0|~VCC     ; N/A     ;
; auto_signaltap_0|vcc                    ; post-fitting ; connected ; sld_signaltap:auto_signaltap_0 ; post-synthesis    ; sld_signaltap:auto_signaltap_0|~VCC     ; N/A     ;
; auto_signaltap_0|vcc                    ; post-fitting ; connected ; sld_signaltap:auto_signaltap_0 ; post-synthesis    ; sld_signaltap:auto_signaltap_0|~VCC     ; N/A     ;
; auto_signaltap_0|vcc                    ; post-fitting ; connected ; sld_signaltap:auto_signaltap_0 ; post-synthesis    ; sld_signaltap:auto_signaltap_0|~VCC     ; N/A     ;
; auto_signaltap_0|vcc                    ; post-fitting ; connected ; sld_signaltap:auto_signaltap_0 ; post-synthesis    ; sld_signaltap:auto_signaltap_0|~VCC     ; N/A     ;
; auto_signaltap_0|vcc                    ; post-fitting ; connected ; sld_signaltap:auto_signaltap_0 ; post-synthesis    ; sld_signaltap:auto_signaltap_0|~VCC     ; N/A     ;
; auto_signaltap_0|vcc                    ; post-fitting ; connected ; sld_signaltap:auto_signaltap_0 ; post-synthesis    ; sld_signaltap:auto_signaltap_0|~VCC     ; N/A     ;
; auto_signaltap_0|vcc                    ; post-fitting ; connected ; sld_signaltap:auto_signaltap_0 ; post-synthesis    ; sld_signaltap:auto_signaltap_0|~VCC     ; N/A     ;
; auto_signaltap_0|vcc                    ; post-fitting ; connected ; sld_signaltap:auto_signaltap_0 ; post-synthesis    ; sld_signaltap:auto_signaltap_0|~VCC     ; N/A     ;
; auto_signaltap_0|vcc                    ; post-fitting ; connected ; sld_signaltap:auto_signaltap_0 ; post-synthesis    ; sld_signaltap:auto_signaltap_0|~VCC     ; N/A     ;
; auto_signaltap_0|vcc                    ; post-fitting ; connected ; sld_signaltap:auto_signaltap_0 ; post-synthesis    ; sld_signaltap:auto_signaltap_0|~VCC     ; N/A     ;
; auto_signaltap_0|vcc                    ; post-fitting ; connected ; sld_signaltap:auto_signaltap_0 ; post-synthesis    ; sld_signaltap:auto_signaltap_0|~VCC     ; N/A     ;
; auto_signaltap_0|vcc                    ; post-fitting ; connected ; sld_signaltap:auto_signaltap_0 ; post-synthesis    ; sld_signaltap:auto_signaltap_0|~VCC     ; N/A     ;
; clk_div:inst5|clock_100kHz              ; post-fitting ; connected ; Top                            ; post-synthesis    ; clk_div:inst5|clock_100kHz              ; N/A     ;
+-----------------------------------------+--------------+-----------+--------------------------------+-------------------+-----------------------------------------+---------+


+------------------------------------------------------------------------------------------------------------------------------------------+
; Partition Merge Partition Statistics                                                                                                     ;
+---------------------------------------------+-------+------------------+--------------------------------+--------------------------------+
; Statistic                                   ; Top   ; sld_hub:auto_hub ; sld_signaltap:auto_signaltap_0 ; hard_block:auto_generated_inst ;
+---------------------------------------------+-------+------------------+--------------------------------+--------------------------------+
; Estimate of Logic utilization (ALMs needed) ; 1044  ; 61               ; 367                            ; 0                              ;
;                                             ;       ;                  ;                                ;                                ;
; Combinational ALUT usage for logic          ; 2081  ; 91               ; 252                            ; 0                              ;
;     -- 7 input functions                    ; 15    ; 1                ; 0                              ; 0                              ;
;     -- 6 input functions                    ; 149   ; 12               ; 64                             ; 0                              ;
;     -- 5 input functions                    ; 192   ; 24               ; 61                             ; 0                              ;
;     -- 4 input functions                    ; 617   ; 15               ; 19                             ; 0                              ;
;     -- <=3 input functions                  ; 1108  ; 39               ; 108                            ; 0                              ;
; Memory ALUT usage                           ; 0     ; 0                ; 0                              ; 0                              ;
;     -- 64-address deep                      ; 0     ; 0                ; 0                              ; 0                              ;
;     -- 32-address deep                      ; 0     ; 0                ; 0                              ; 0                              ;
;                                             ;       ;                  ;                                ;                                ;
; Dedicated logic registers                   ; 322   ; 90               ; 676                            ; 0                              ;
;                                             ;       ;                  ;                                ;                                ;
;                                             ;       ;                  ;                                ;                                ;
; I/O pins                                    ; 62    ; 0                ; 0                              ; 2                              ;
; I/O registers                               ; 0     ; 0                ; 0                              ; 0                              ;
; Total block memory bits                     ; 32768 ; 0                ; 8192                           ; 0                              ;
; Total block memory implementation bits      ; 0     ; 0                ; 0                              ; 0                              ;
; JTAG                                        ; 0     ; 0                ; 0                              ; 1                              ;
;                                             ;       ;                  ;                                ;                                ;
; Connections                                 ;       ;                  ;                                ;                                ;
;     -- Input Connections                    ; 283   ; 133              ; 1094                           ; 1                              ;
;     -- Registered Input Connections         ; 261   ; 109              ; 761                            ; 0                              ;
;     -- Output Connections                   ; 463   ; 263              ; 34                             ; 751                            ;
;     -- Registered Output Connections        ; 463   ; 263              ; 0                              ; 0                              ;
;                                             ;       ;                  ;                                ;                                ;
; Internal Connections                        ;       ;                  ;                                ;                                ;
;     -- Total Connections                    ; 9378  ; 904              ; 3928                           ; 765                            ;
;     -- Registered Connections               ; 2698  ; 725              ; 2659                           ; 0                              ;
;                                             ;       ;                  ;                                ;                                ;
; External Connections                        ;       ;                  ;                                ;                                ;
;     -- Top                                  ; 0     ; 0                ; 463                            ; 283                            ;
;     -- sld_hub:auto_hub                     ; 0     ; 20               ; 254                            ; 122                            ;
;     -- sld_signaltap:auto_signaltap_0       ; 463   ; 254              ; 64                             ; 347                            ;
;     -- hard_block:auto_generated_inst       ; 283   ; 122              ; 347                            ; 0                              ;
;                                             ;       ;                  ;                                ;                                ;
; Partition Interface                         ;       ;                  ;                                ;                                ;
;     -- Input Ports                          ; 15    ; 45               ; 165                            ; 6                              ;
;     -- Output Ports                         ; 53    ; 62               ; 79                             ; 11                             ;
;     -- Bidir Ports                          ; 0     ; 0                ; 0                              ; 0                              ;
;                                             ;       ;                  ;                                ;                                ;
; Registered Ports                            ;       ;                  ;                                ;                                ;
;     -- Registered Input Ports               ; 0     ; 13               ; 69                             ; 0                              ;
;     -- Registered Output Ports              ; 0     ; 29               ; 65                             ; 0                              ;
;                                             ;       ;                  ;                                ;                                ;
; Port Connectivity                           ;       ;                  ;                                ;                                ;
;     -- Input Ports driven by GND            ; 0     ; 0                ; 18                             ; 0                              ;
;     -- Output Ports driven by GND           ; 0     ; 28               ; 2                              ; 0                              ;
;     -- Input Ports driven by VCC            ; 0     ; 0                ; 14                             ; 0                              ;
;     -- Output Ports driven by VCC           ; 0     ; 0                ; 1                              ; 0                              ;
;     -- Input Ports with no Source           ; 0     ; 25               ; 36                             ; 0                              ;
;     -- Output Ports with no Source          ; 0     ; 0                ; 0                              ; 0                              ;
;     -- Input Ports with no Fanout           ; 0     ; 30               ; 50                             ; 0                              ;
;     -- Output Ports with no Fanout          ; 0     ; 29               ; 67                             ; 0                              ;
+---------------------------------------------+-------+------------------+--------------------------------+--------------------------------+
Note: Resource usage numbers presented for Partitions containing post-synthesis logic are estimates.  For Partitions containing post-fit logic, resource usage numbers are accurate based on previous placement information.  Actual Fitter results may vary depending on current Fitter Preservation Level assignments.


+----------------------------------------------------------------------------------------+
; Partition Merge Partition Pin Processing                                               ;
+-----------------------------------+-----------+---------------+----------+-------------+
; Name                              ; Partition ; Type          ; Location ; Status      ;
+-----------------------------------+-----------+---------------+----------+-------------+
; HEX0[0]                           ; Top       ; Output Port   ; n/a      ;             ;
;     -- HEX0[0]                    ; Top       ; Output Pad    ; Unplaced ; Synthesized ;
;     -- HEX0[0]~output             ; Top       ; Output Buffer ; Unplaced ; Synthesized ;
;                                   ;           ;               ;          ;             ;
; HEX0[1]                           ; Top       ; Output Port   ; n/a      ;             ;
;     -- HEX0[1]                    ; Top       ; Output Pad    ; Unplaced ; Synthesized ;
;     -- HEX0[1]~output             ; Top       ; Output Buffer ; Unplaced ; Synthesized ;
;                                   ;           ;               ;          ;             ;
; HEX0[2]                           ; Top       ; Output Port   ; n/a      ;             ;
;     -- HEX0[2]                    ; Top       ; Output Pad    ; Unplaced ; Synthesized ;
;     -- HEX0[2]~output             ; Top       ; Output Buffer ; Unplaced ; Synthesized ;
;                                   ;           ;               ;          ;             ;
; HEX0[3]                           ; Top       ; Output Port   ; n/a      ;             ;
;     -- HEX0[3]                    ; Top       ; Output Pad    ; Unplaced ; Synthesized ;
;     -- HEX0[3]~output             ; Top       ; Output Buffer ; Unplaced ; Synthesized ;
;                                   ;           ;               ;          ;             ;
; HEX0[4]                           ; Top       ; Output Port   ; n/a      ;             ;
;     -- HEX0[4]                    ; Top       ; Output Pad    ; Unplaced ; Synthesized ;
;     -- HEX0[4]~output             ; Top       ; Output Buffer ; Unplaced ; Synthesized ;
;                                   ;           ;               ;          ;             ;
; HEX0[5]                           ; Top       ; Output Port   ; n/a      ;             ;
;     -- HEX0[5]                    ; Top       ; Output Pad    ; Unplaced ; Synthesized ;
;     -- HEX0[5]~output             ; Top       ; Output Buffer ; Unplaced ; Synthesized ;
;                                   ;           ;               ;          ;             ;
; HEX0[6]                           ; Top       ; Output Port   ; n/a      ;             ;
;     -- HEX0[6]                    ; Top       ; Output Pad    ; Unplaced ; Synthesized ;
;     -- HEX0[6]~output             ; Top       ; Output Buffer ; Unplaced ; Synthesized ;
;                                   ;           ;               ;          ;             ;
; HEX1[0]                           ; Top       ; Output Port   ; n/a      ;             ;
;     -- HEX1[0]                    ; Top       ; Output Pad    ; Unplaced ; Synthesized ;
;     -- HEX1[0]~output             ; Top       ; Output Buffer ; Unplaced ; Synthesized ;
;                                   ;           ;               ;          ;             ;
; HEX1[1]                           ; Top       ; Output Port   ; n/a      ;             ;
;     -- HEX1[1]                    ; Top       ; Output Pad    ; Unplaced ; Synthesized ;
;     -- HEX1[1]~output             ; Top       ; Output Buffer ; Unplaced ; Synthesized ;
;                                   ;           ;               ;          ;             ;
; HEX1[2]                           ; Top       ; Output Port   ; n/a      ;             ;
;     -- HEX1[2]                    ; Top       ; Output Pad    ; Unplaced ; Synthesized ;
;     -- HEX1[2]~output             ; Top       ; Output Buffer ; Unplaced ; Synthesized ;
;                                   ;           ;               ;          ;             ;
; HEX1[3]                           ; Top       ; Output Port   ; n/a      ;             ;
;     -- HEX1[3]                    ; Top       ; Output Pad    ; Unplaced ; Synthesized ;
;     -- HEX1[3]~output             ; Top       ; Output Buffer ; Unplaced ; Synthesized ;
;                                   ;           ;               ;          ;             ;
; HEX1[4]                           ; Top       ; Output Port   ; n/a      ;             ;
;     -- HEX1[4]                    ; Top       ; Output Pad    ; Unplaced ; Synthesized ;
;     -- HEX1[4]~output             ; Top       ; Output Buffer ; Unplaced ; Synthesized ;
;                                   ;           ;               ;          ;             ;
; HEX1[5]                           ; Top       ; Output Port   ; n/a      ;             ;
;     -- HEX1[5]                    ; Top       ; Output Pad    ; Unplaced ; Synthesized ;
;     -- HEX1[5]~output             ; Top       ; Output Buffer ; Unplaced ; Synthesized ;
;                                   ;           ;               ;          ;             ;
; HEX1[6]                           ; Top       ; Output Port   ; n/a      ;             ;
;     -- HEX1[6]                    ; Top       ; Output Pad    ; Unplaced ; Synthesized ;
;     -- HEX1[6]~output             ; Top       ; Output Buffer ; Unplaced ; Synthesized ;
;                                   ;           ;               ;          ;             ;
; HEX2[0]                           ; Top       ; Output Port   ; n/a      ;             ;
;     -- HEX2[0]                    ; Top       ; Output Pad    ; Unplaced ; Synthesized ;
;     -- HEX2[0]~output             ; Top       ; Output Buffer ; Unplaced ; Synthesized ;
;                                   ;           ;               ;          ;             ;
; HEX2[1]                           ; Top       ; Output Port   ; n/a      ;             ;
;     -- HEX2[1]                    ; Top       ; Output Pad    ; Unplaced ; Synthesized ;
;     -- HEX2[1]~output             ; Top       ; Output Buffer ; Unplaced ; Synthesized ;
;                                   ;           ;               ;          ;             ;
; HEX2[2]                           ; Top       ; Output Port   ; n/a      ;             ;
;     -- HEX2[2]                    ; Top       ; Output Pad    ; Unplaced ; Synthesized ;
;     -- HEX2[2]~output             ; Top       ; Output Buffer ; Unplaced ; Synthesized ;
;                                   ;           ;               ;          ;             ;
; HEX2[3]                           ; Top       ; Output Port   ; n/a      ;             ;
;     -- HEX2[3]                    ; Top       ; Output Pad    ; Unplaced ; Synthesized ;
;     -- HEX2[3]~output             ; Top       ; Output Buffer ; Unplaced ; Synthesized ;
;                                   ;           ;               ;          ;             ;
; HEX2[4]                           ; Top       ; Output Port   ; n/a      ;             ;
;     -- HEX2[4]                    ; Top       ; Output Pad    ; Unplaced ; Synthesized ;
;     -- HEX2[4]~output             ; Top       ; Output Buffer ; Unplaced ; Synthesized ;
;                                   ;           ;               ;          ;             ;
; HEX2[5]                           ; Top       ; Output Port   ; n/a      ;             ;
;     -- HEX2[5]                    ; Top       ; Output Pad    ; Unplaced ; Synthesized ;
;     -- HEX2[5]~output             ; Top       ; Output Buffer ; Unplaced ; Synthesized ;
;                                   ;           ;               ;          ;             ;
; HEX2[6]                           ; Top       ; Output Port   ; n/a      ;             ;
;     -- HEX2[6]                    ; Top       ; Output Pad    ; Unplaced ; Synthesized ;
;     -- HEX2[6]~output             ; Top       ; Output Buffer ; Unplaced ; Synthesized ;
;                                   ;           ;               ;          ;             ;
; HEX3[0]                           ; Top       ; Output Port   ; n/a      ;             ;
;     -- HEX3[0]                    ; Top       ; Output Pad    ; Unplaced ; Synthesized ;
;     -- HEX3[0]~output             ; Top       ; Output Buffer ; Unplaced ; Synthesized ;
;                                   ;           ;               ;          ;             ;
; HEX3[1]                           ; Top       ; Output Port   ; n/a      ;             ;
;     -- HEX3[1]                    ; Top       ; Output Pad    ; Unplaced ; Synthesized ;
;     -- HEX3[1]~output             ; Top       ; Output Buffer ; Unplaced ; Synthesized ;
;                                   ;           ;               ;          ;             ;
; HEX3[2]                           ; Top       ; Output Port   ; n/a      ;             ;
;     -- HEX3[2]                    ; Top       ; Output Pad    ; Unplaced ; Synthesized ;
;     -- HEX3[2]~output             ; Top       ; Output Buffer ; Unplaced ; Synthesized ;
;                                   ;           ;               ;          ;             ;
; HEX3[3]                           ; Top       ; Output Port   ; n/a      ;             ;
;     -- HEX3[3]                    ; Top       ; Output Pad    ; Unplaced ; Synthesized ;
;     -- HEX3[3]~output             ; Top       ; Output Buffer ; Unplaced ; Synthesized ;
;                                   ;           ;               ;          ;             ;
; HEX3[4]                           ; Top       ; Output Port   ; n/a      ;             ;
;     -- HEX3[4]                    ; Top       ; Output Pad    ; Unplaced ; Synthesized ;
;     -- HEX3[4]~output             ; Top       ; Output Buffer ; Unplaced ; Synthesized ;
;                                   ;           ;               ;          ;             ;
; HEX3[5]                           ; Top       ; Output Port   ; n/a      ;             ;
;     -- HEX3[5]                    ; Top       ; Output Pad    ; Unplaced ; Synthesized ;
;     -- HEX3[5]~output             ; Top       ; Output Buffer ; Unplaced ; Synthesized ;
;                                   ;           ;               ;          ;             ;
; HEX3[6]                           ; Top       ; Output Port   ; n/a      ;             ;
;     -- HEX3[6]                    ; Top       ; Output Pad    ; Unplaced ; Synthesized ;
;     -- HEX3[6]~output             ; Top       ; Output Buffer ; Unplaced ; Synthesized ;
;                                   ;           ;               ;          ;             ;
; HEX4[0]                           ; Top       ; Output Port   ; n/a      ;             ;
;     -- HEX4[0]                    ; Top       ; Output Pad    ; Unplaced ; Synthesized ;
;     -- HEX4[0]~output             ; Top       ; Output Buffer ; Unplaced ; Synthesized ;
;                                   ;           ;               ;          ;             ;
; HEX4[1]                           ; Top       ; Output Port   ; n/a      ;             ;
;     -- HEX4[1]                    ; Top       ; Output Pad    ; Unplaced ; Synthesized ;
;     -- HEX4[1]~output             ; Top       ; Output Buffer ; Unplaced ; Synthesized ;
;                                   ;           ;               ;          ;             ;
; HEX4[2]                           ; Top       ; Output Port   ; n/a      ;             ;
;     -- HEX4[2]                    ; Top       ; Output Pad    ; Unplaced ; Synthesized ;
;     -- HEX4[2]~output             ; Top       ; Output Buffer ; Unplaced ; Synthesized ;
;                                   ;           ;               ;          ;             ;
; HEX4[3]                           ; Top       ; Output Port   ; n/a      ;             ;
;     -- HEX4[3]                    ; Top       ; Output Pad    ; Unplaced ; Synthesized ;
;     -- HEX4[3]~output             ; Top       ; Output Buffer ; Unplaced ; Synthesized ;
;                                   ;           ;               ;          ;             ;
; HEX4[4]                           ; Top       ; Output Port   ; n/a      ;             ;
;     -- HEX4[4]                    ; Top       ; Output Pad    ; Unplaced ; Synthesized ;
;     -- HEX4[4]~output             ; Top       ; Output Buffer ; Unplaced ; Synthesized ;
;                                   ;           ;               ;          ;             ;
; HEX4[5]                           ; Top       ; Output Port   ; n/a      ;             ;
;     -- HEX4[5]                    ; Top       ; Output Pad    ; Unplaced ; Synthesized ;
;     -- HEX4[5]~output             ; Top       ; Output Buffer ; Unplaced ; Synthesized ;
;                                   ;           ;               ;          ;             ;
; HEX4[6]                           ; Top       ; Output Port   ; n/a      ;             ;
;     -- HEX4[6]                    ; Top       ; Output Pad    ; Unplaced ; Synthesized ;
;     -- HEX4[6]~output             ; Top       ; Output Buffer ; Unplaced ; Synthesized ;
;                                   ;           ;               ;          ;             ;
; HEX5[0]                           ; Top       ; Output Port   ; n/a      ;             ;
;     -- HEX5[0]                    ; Top       ; Output Pad    ; Unplaced ; Synthesized ;
;     -- HEX5[0]~output             ; Top       ; Output Buffer ; Unplaced ; Synthesized ;
;                                   ;           ;               ;          ;             ;
; HEX5[1]                           ; Top       ; Output Port   ; n/a      ;             ;
;     -- HEX5[1]                    ; Top       ; Output Pad    ; Unplaced ; Synthesized ;
;     -- HEX5[1]~output             ; Top       ; Output Buffer ; Unplaced ; Synthesized ;
;                                   ;           ;               ;          ;             ;
; HEX5[2]                           ; Top       ; Output Port   ; n/a      ;             ;
;     -- HEX5[2]                    ; Top       ; Output Pad    ; Unplaced ; Synthesized ;
;     -- HEX5[2]~output             ; Top       ; Output Buffer ; Unplaced ; Synthesized ;
;                                   ;           ;               ;          ;             ;
; HEX5[3]                           ; Top       ; Output Port   ; n/a      ;             ;
;     -- HEX5[3]                    ; Top       ; Output Pad    ; Unplaced ; Synthesized ;
;     -- HEX5[3]~output             ; Top       ; Output Buffer ; Unplaced ; Synthesized ;
;                                   ;           ;               ;          ;             ;
; HEX5[4]                           ; Top       ; Output Port   ; n/a      ;             ;
;     -- HEX5[4]                    ; Top       ; Output Pad    ; Unplaced ; Synthesized ;
;     -- HEX5[4]~output             ; Top       ; Output Buffer ; Unplaced ; Synthesized ;
;                                   ;           ;               ;          ;             ;
; HEX5[5]                           ; Top       ; Output Port   ; n/a      ;             ;
;     -- HEX5[5]                    ; Top       ; Output Pad    ; Unplaced ; Synthesized ;
;     -- HEX5[5]~output             ; Top       ; Output Buffer ; Unplaced ; Synthesized ;
;                                   ;           ;               ;          ;             ;
; HEX5[6]                           ; Top       ; Output Port   ; n/a      ;             ;
;     -- HEX5[6]                    ; Top       ; Output Pad    ; Unplaced ; Synthesized ;
;     -- HEX5[6]~output             ; Top       ; Output Buffer ; Unplaced ; Synthesized ;
;                                   ;           ;               ;          ;             ;
; KEY0                              ; Top       ; Input Port    ; n/a      ;             ;
;     -- KEY0                       ; Top       ; Input Pad     ; Unplaced ; Synthesized ;
;     -- KEY0~input                 ; Top       ; Input Buffer  ; Unplaced ; Synthesized ;
;                                   ;           ;               ;          ;             ;
; LEDR[0]                           ; Top       ; Output Port   ; n/a      ;             ;
;     -- LEDR[0]                    ; Top       ; Output Pad    ; Unplaced ; Synthesized ;
;     -- LEDR[0]~output             ; Top       ; Output Buffer ; Unplaced ; Synthesized ;
;                                   ;           ;               ;          ;             ;
; LEDR[1]                           ; Top       ; Output Port   ; n/a      ;             ;
;     -- LEDR[1]                    ; Top       ; Output Pad    ; Unplaced ; Synthesized ;
;     -- LEDR[1]~output             ; Top       ; Output Buffer ; Unplaced ; Synthesized ;
;                                   ;           ;               ;          ;             ;
; LEDR[2]                           ; Top       ; Output Port   ; n/a      ;             ;
;     -- LEDR[2]                    ; Top       ; Output Pad    ; Unplaced ; Synthesized ;
;     -- LEDR[2]~output             ; Top       ; Output Buffer ; Unplaced ; Synthesized ;
;                                   ;           ;               ;          ;             ;
; LEDR[3]                           ; Top       ; Output Port   ; n/a      ;             ;
;     -- LEDR[3]                    ; Top       ; Output Pad    ; Unplaced ; Synthesized ;
;     -- LEDR[3]~output             ; Top       ; Output Buffer ; Unplaced ; Synthesized ;
;                                   ;           ;               ;          ;             ;
; LEDR[4]                           ; Top       ; Output Port   ; n/a      ;             ;
;     -- LEDR[4]                    ; Top       ; Output Pad    ; Unplaced ; Synthesized ;
;     -- LEDR[4]~output             ; Top       ; Output Buffer ; Unplaced ; Synthesized ;
;                                   ;           ;               ;          ;             ;
; LEDR[5]                           ; Top       ; Output Port   ; n/a      ;             ;
;     -- LEDR[5]                    ; Top       ; Output Pad    ; Unplaced ; Synthesized ;
;     -- LEDR[5]~output             ; Top       ; Output Buffer ; Unplaced ; Synthesized ;
;                                   ;           ;               ;          ;             ;
; LEDR[6]                           ; Top       ; Output Port   ; n/a      ;             ;
;     -- LEDR[6]                    ; Top       ; Output Pad    ; Unplaced ; Synthesized ;
;     -- LEDR[6]~output             ; Top       ; Output Buffer ; Unplaced ; Synthesized ;
;                                   ;           ;               ;          ;             ;
; LEDR[7]                           ; Top       ; Output Port   ; n/a      ;             ;
;     -- LEDR[7]                    ; Top       ; Output Pad    ; Unplaced ; Synthesized ;
;     -- LEDR[7]~output             ; Top       ; Output Buffer ; Unplaced ; Synthesized ;
;                                   ;           ;               ;          ;             ;
; LEDR[8]                           ; Top       ; Output Port   ; n/a      ;             ;
;     -- LEDR[8]                    ; Top       ; Output Pad    ; Unplaced ; Synthesized ;
;     -- LEDR[8]~output             ; Top       ; Output Buffer ; Unplaced ; Synthesized ;
;                                   ;           ;               ;          ;             ;
; LEDR[9]                           ; Top       ; Output Port   ; n/a      ;             ;
;     -- LEDR[9]                    ; Top       ; Output Pad    ; Unplaced ; Synthesized ;
;     -- LEDR[9]~output             ; Top       ; Output Buffer ; Unplaced ; Synthesized ;
;                                   ;           ;               ;          ;             ;
; SW[0]                             ; Top       ; Input Port    ; n/a      ;             ;
;     -- SW[0]                      ; Top       ; Input Pad     ; Unplaced ; Synthesized ;
;     -- SW[0]~input                ; Top       ; Input Buffer  ; Unplaced ; Synthesized ;
;                                   ;           ;               ;          ;             ;
; SW[1]                             ; Top       ; Input Port    ; n/a      ;             ;
;     -- SW[1]                      ; Top       ; Input Pad     ; Unplaced ; Synthesized ;
;     -- SW[1]~input                ; Top       ; Input Buffer  ; Unplaced ; Synthesized ;
;                                   ;           ;               ;          ;             ;
; SW[2]                             ; Top       ; Input Port    ; n/a      ;             ;
;     -- SW[2]                      ; Top       ; Input Pad     ; Unplaced ; Synthesized ;
;     -- SW[2]~input                ; Top       ; Input Buffer  ; Unplaced ; Synthesized ;
;                                   ;           ;               ;          ;             ;
; SW[3]                             ; Top       ; Input Port    ; n/a      ;             ;
;     -- SW[3]                      ; Top       ; Input Pad     ; Unplaced ; Synthesized ;
;     -- SW[3]~input                ; Top       ; Input Buffer  ; Unplaced ; Synthesized ;
;                                   ;           ;               ;          ;             ;
; SW[4]                             ; Top       ; Input Port    ; n/a      ;             ;
;     -- SW[4]                      ; Top       ; Input Pad     ; Unplaced ; Synthesized ;
;     -- SW[4]~input                ; Top       ; Input Buffer  ; Unplaced ; Synthesized ;
;                                   ;           ;               ;          ;             ;
; SW[5]                             ; Top       ; Input Port    ; n/a      ;             ;
;     -- SW[5]                      ; Top       ; Input Pad     ; Unplaced ; Synthesized ;
;     -- SW[5]~input                ; Top       ; Input Buffer  ; Unplaced ; Synthesized ;
;                                   ;           ;               ;          ;             ;
; SW[6]                             ; Top       ; Input Port    ; n/a      ;             ;
;     -- SW[6]                      ; Top       ; Input Pad     ; Unplaced ; Synthesized ;
;     -- SW[6]~input                ; Top       ; Input Buffer  ; Unplaced ; Synthesized ;
;                                   ;           ;               ;          ;             ;
; SW[7]                             ; Top       ; Input Port    ; n/a      ;             ;
;     -- SW[7]                      ; Top       ; Input Pad     ; Unplaced ; Synthesized ;
;     -- SW[7]~input                ; Top       ; Input Buffer  ; Unplaced ; Synthesized ;
;                                   ;           ;               ;          ;             ;
; SW[8]                             ; Top       ; Input Port    ; n/a      ;             ;
;     -- SW[8]                      ; Top       ; Input Pad     ; Unplaced ; Synthesized ;
;     -- SW[8]~input                ; Top       ; Input Buffer  ; Unplaced ; Synthesized ;
;                                   ;           ;               ;          ;             ;
; SW[9]                             ; Top       ; Input Port    ; n/a      ;             ;
;     -- SW[9]                      ; Top       ; Input Pad     ; Unplaced ; Synthesized ;
;     -- SW[9]~input                ; Top       ; Input Buffer  ; Unplaced ; Synthesized ;
;                                   ;           ;               ;          ;             ;
; altera_reserved_tck               ; Top       ; Input Port    ; n/a      ;             ;
;     -- altera_reserved_tck        ; Top       ; Input Pad     ; Unplaced ; Synthesized ;
;     -- altera_reserved_tck~input  ; Top       ; Input Buffer  ; Unplaced ; Synthesized ;
;                                   ;           ;               ;          ;             ;
; altera_reserved_tdi               ; Top       ; Input Port    ; n/a      ;             ;
;     -- altera_reserved_tdi        ; Top       ; Input Pad     ; Unplaced ; Synthesized ;
;     -- altera_reserved_tdi~input  ; Top       ; Input Buffer  ; Unplaced ; Synthesized ;
;                                   ;           ;               ;          ;             ;
; altera_reserved_tdo               ; Top       ; Output Port   ; n/a      ;             ;
;     -- altera_reserved_tdo        ; Top       ; Output Pad    ; Unplaced ; Synthesized ;
;     -- altera_reserved_tdo~output ; Top       ; Output Buffer ; Unplaced ; Synthesized ;
;                                   ;           ;               ;          ;             ;
; altera_reserved_tms               ; Top       ; Input Port    ; n/a      ;             ;
;     -- altera_reserved_tms        ; Top       ; Input Pad     ; Unplaced ; Synthesized ;
;     -- altera_reserved_tms~input  ; Top       ; Input Buffer  ; Unplaced ; Synthesized ;
;                                   ;           ;               ;          ;             ;
; clock_50                          ; Top       ; Input Port    ; n/a      ;             ;
;     -- clock_50                   ; Top       ; Input Pad     ; Unplaced ; Synthesized ;
;     -- clock_50~input             ; Top       ; Input Buffer  ; Unplaced ; Synthesized ;
;                                   ;           ;               ;          ;             ;
+-----------------------------------+-----------+---------------+----------+-------------+


+------------------------------------------------------------------------+
; Partition Merge Resource Usage Summary                                 ;
+---------------------------------------------+--------------------------+
; Resource                                    ; Usage                    ;
+---------------------------------------------+--------------------------+
; Estimate of Logic utilization (ALMs needed) ; 1480                     ;
;                                             ;                          ;
; Combinational ALUT usage for logic          ; 2424                     ;
;     -- 7 input functions                    ; 16                       ;
;     -- 6 input functions                    ; 225                      ;
;     -- 5 input functions                    ; 277                      ;
;     -- 4 input functions                    ; 651                      ;
;     -- <=3 input functions                  ; 1255                     ;
;                                             ;                          ;
; Dedicated logic registers                   ; 1088                     ;
;                                             ;                          ;
; I/O pins                                    ; 64                       ;
; Total MLAB memory bits                      ; 0                        ;
; Total block memory bits                     ; 40960                    ;
;                                             ;                          ;
; Total DSP Blocks                            ; 0                        ;
;                                             ;                          ;
; Total PLLs                                  ; 1                        ;
;     -- PLLs                                 ; 1                        ;
;                                             ;                          ;
; Maximum fan-out node                        ; altera_internal_jtag~TDO ;
; Maximum fan-out                             ; 457                      ;
; Total fan-out                               ; 13406                    ;
; Average fan-out                             ; 3.63                     ;
+---------------------------------------------+--------------------------+


+----------------------------------------------------------------------------------------------------------------------------------------------------------------------------------------------------------------------------------------------------------------------------------------------------------------------+
; Partition Merge RAM Summary                                                                                                                                                                                                                                                                                          ;
+-------------------------------------------------------------------------------------------------------------------------------------------------------------------------------------------------------+------+------------------+--------------+--------------+--------------+--------------+-------+----------------+
; Name                                                                                                                                                                                                  ; Type ; Mode             ; Port A Depth ; Port A Width ; Port B Depth ; Port B Width ; Size  ; MIF            ;
+-------------------------------------------------------------------------------------------------------------------------------------------------------------------------------------------------------+------+------------------+--------------+--------------+--------------+--------------+-------+----------------+
; SCOMP:inst|altsyncram:altsyncram_component|altsyncram_4m24:auto_generated|ALTSYNCRAM                                                                                                                  ; AUTO ; Single Port      ; 2048         ; 16           ; --           ; --           ; 32768 ; bar_demo_4.mif ;
; sld_signaltap:auto_signaltap_0|sld_signaltap_impl:sld_signaltap_body|sld_signaltap_implb:sld_signaltap_body|altsyncram:\stp_non_zero_ram_gen:stp_buffer_ram|altsyncram_mb84:auto_generated|ALTSYNCRAM ; AUTO ; Simple Dual Port ; 256          ; 32           ; 256          ; 32           ; 8192  ; None           ;
+-------------------------------------------------------------------------------------------------------------------------------------------------------------------------------------------------------+------+------------------+--------------+--------------+--------------+--------------+-------+----------------+


+--------------------------+
; Partition Merge Messages ;
+--------------------------+
Info: *******************************************************************
Info: Running Quartus Prime Partition Merge
    Info: Version 19.1.0 Build 670 09/22/2019 SJ Lite Edition
    Info: Processing started: Fri Apr 04 13:57:36 2025
Info: Command: quartus_cdb --read_settings_files=off --write_settings_files=off SCOMP -c SCOMP --merge=on
Info (35007): Using synthesis netlist for partition "Top"
Info (35007): Using synthesis netlist for partition "sld_hub:auto_hub"
Info (35007): Using synthesis netlist for partition "sld_signaltap:auto_signaltap_0"
Info (35024): Successfully connected in-system debug instance "auto_signaltap_0" to all 97 required data inputs, trigger inputs, acquisition clocks, and dynamic pins
Info (35002): Resolved and merged 3 partition(s)
Info (16010): Generating hard_block partition "hard_block:auto_generated_inst"
    Info (16011): Adding 14 node(s), including 0 DDIO, 1 PLL, 0 transceiver and 0 LCELL
Critical Warning (138067): Current license file does not support incremental compilation. The Quartus Prime software removes all the user-specified design partitions in the design automatically.
Info (21057): Implemented 3274 device resources after synthesis - the final resource count might be different
    Info (21058): Implemented 15 input pins
    Info (21059): Implemented 53 output pins
    Info (21061): Implemented 3156 logic cells
    Info (21064): Implemented 48 RAM segments
    Info (21065): Implemented 1 PLLs
Info: Quartus Prime Partition Merge was successful. 0 errors, 2 warnings
    Info: Peak virtual memory: 4775 megabytes
    Info: Processing ended: Fri Apr 04 13:57:38 2025
    Info: Elapsed time: 00:00:02
    Info: Total CPU time (on all processors): 00:00:01


